<?xml version="1.0" encoding="UTF-8"?>
<!-- Generated by org.testng.reporters.JUnitReportReporter -->
<testsuite hostname="LAPTOP-M1Q10SKF" failures="0" tests="4" name="com.qacart.todo.testcases.UserTest" time="17.739" errors="0" timestamp="2023-07-22T23:52:31 EET" skipped="0">
  <testcase classname="com.qacart.todo.testcases.UserTest" name="shouldBeAbleToRegister" time="4.082"/>
  <testcase classname="com.qacart.todo.testcases.UserTest" name="shouldNotBeAbleToRegisterWithTheSameEmail" time="4.520"/>
  <testcase classname="com.qacart.todo.testcases.UserTest" name="shouldBeAbleToLogin" time="4.617"/>
  <testcase classname="com.qacart.todo.testcases.UserTest" name="shouldNotBeAbleToLoginIfThePasswordIsNotCorrect" time="4.520"/>
</testsuite> <!-- com.qacart.todo.testcases.UserTest -->
