<?xml version="1.0" encoding="UTF-8"?>
<!-- Generated by org.testng.reporters.JUnitReportReporter -->
<testsuite hostname="LAPTOP-M1Q10SKF" failures="0" tests="4" name="com.qacart.todo.testcases.TodoTest" time="21.621" errors="0" timestamp="2023-07-22T23:52:31 EET" skipped="0">
  <testcase classname="com.qacart.todo.testcases.TodoTest" name="shouldBeAbleToAddTodo" time="5.206"/>
  <testcase classname="com.qacart.todo.testcases.TodoTest" name="shouldBeAbleToGetTodo" time="5.614"/>
  <testcase classname="com.qacart.todo.testcases.TodoTest" name="shouldBeAbleToDeleteTodo" time="5.646"/>
  <testcase classname="com.qacart.todo.testcases.TodoTest" name="shouldNotBeAbleToAddTodoIfIsCompletedIsMissing" time="5.155"/>
</testsuite> <!-- com.qacart.todo.testcases.TodoTest -->
